<?xml version="1.0" encoding="UTF-8"?>
<!-- Generated by org.testng.reporters.JUnitReportReporter -->
<testsuite hostname="DESKTOP-BN58NSU" failures="0" tests="2" name="demo.Example1" time="22.023" errors="0" timestamp="10 Oct 2022 09:23:39 GMT">
  <testcase classname="demo.Example1" name="Testcase2" time="2.758"/>
  <testcase classname="demo.Example1" name="Testcase1" time="19.265"/>
</testsuite> <!-- demo.Example1 -->
