<?xml version="1.0" encoding="UTF-8"?>
<!-- Generated by org.testng.reporters.JUnitReportReporter -->
<testsuite hostname="DESKTOP-BN58NSU" failures="0" tests="2" name="demo.task67" time="9.339" errors="0" timestamp="14 Oct 2022 08:35:51 GMT">
  <testcase classname="demo.task67" name="Testcase3" time="8.791"/>
  <testcase classname="demo.task67" name="Testcase2" time="0.548"/>
</testsuite> <!-- demo.task67 -->
