<?xml version="1.0" encoding="UTF-8"?>
<!-- Generated by org.testng.reporters.JUnitReportReporter -->
<testsuite hostname="DESKTOP-BN58NSU" failures="0" tests="1" name="demo.task879" time="0.701" errors="0" timestamp="13 Oct 2022 14:55:29 GMT">
  <testcase classname="demo.task879" name="Testcase2" time="0.701"/>
</testsuite> <!-- demo.task879 -->
