<?xml version="1.0" encoding="UTF-8"?>
<!-- Generated by org.testng.reporters.JUnitReportReporter -->
<testsuite hostname="DESKTOP-BN58NSU" failures="0" tests="2" name="demo.task13" time="9.562" errors="0" timestamp="14 Oct 2022 07:05:51 GMT">
  <testcase classname="demo.task13" name="Testcase3" time="8.649"/>
  <testcase classname="demo.task13" name="Testcase2" time="0.913"/>
</testsuite> <!-- demo.task13 -->
