<?xml version="1.0" encoding="UTF-8"?>
<!-- Generated by org.testng.reporters.JUnitReportReporter -->
<testsuite hostname="DESKTOP-BN58NSU" failures="0" tests="3" name="demo.task18" time="20.869" errors="0" timestamp="17 Oct 2022 03:46:49 GMT">
  <testcase classname="demo.task18" name="Testcase3" time="6.204"/>
  <testcase classname="demo.task18" name="Testcase" time="1.495"/>
  <testcase classname="demo.task18" name="testcase1" time="13.170"/>
</testsuite> <!-- demo.task18 -->
