<?xml version="1.0" encoding="UTF-8"?>
<!-- Generated by org.testng.reporters.JUnitReportReporter -->
<testsuite hostname="DESKTOP-BN58NSU" failures="0" tests="2" name="demo.task23" time="17.345" errors="0" timestamp="13 Oct 2022 06:28:26 GMT">
  <testcase classname="demo.task23" name="Testcase3" time="14.840"/>
  <testcase classname="demo.task23" name="Testcase2" time="2.505"/>
</testsuite> <!-- demo.task23 -->
