<?xml version="1.0" encoding="UTF-8"?>
<!-- Generated by org.testng.reporters.JUnitReportReporter -->
<testsuite hostname="DESKTOP-BN58NSU" failures="0" tests="2" name="demo.Example1" time="18.577" errors="0" timestamp="10 Oct 2022 09:12:43 GMT">
  <testcase classname="demo.Example1" name="Testcase2" time="15.915"/>
  <testcase classname="demo.Example1" name="Testcase1" time="2.662"/>
</testsuite> <!-- demo.Example1 -->
