<?xml version="1.0" encoding="UTF-8"?>
<!-- Generated by org.testng.reporters.JUnitReportReporter -->
<testsuite hostname="DESKTOP-BN58NSU" failures="0" tests="1" name="demo.test12" time="34.913" errors="0" timestamp="7 Oct 2022 11:50:31 GMT">
  <testcase classname="demo.test12" name="testcase1" time="34.913"/>
</testsuite> <!-- demo.test12 -->
