<?xml version="1.0" encoding="UTF-8"?>
<!-- Generated by org.testng.reporters.JUnitReportReporter -->
<testsuite hostname="DESKTOP-BN58NSU" failures="0" tests="1" name="demo.Example" time="82.652" errors="0" timestamp="10 Oct 2022 06:31:55 GMT">
  <testcase classname="demo.Example" name="Register" time="82.652"/>
</testsuite> <!-- demo.Example -->
